2017-09-13 13:56:13 'LMI_MERCHANT_ID' => '67bb1f74-6fa3-440c-9191-f586b9c23c5e'
2017-09-13 13:56:13 'LMI_PAYMENT_SYSTEM' => '503'
2017-09-13 13:56:13 'LMI_CURRENCY' => 'RUB'
2017-09-13 13:56:13 'LMI_PAYMENT_AMOUNT' => '111311.00'
2017-09-13 13:56:13 'LMI_PAYMENT_NO' => '12202125'
2017-09-13 13:56:13 'LMI_PAYMENT_DESC' => 'Оплата счета #1018'
2017-09-13 13:56:13 'LMI_SYS_PAYMENT_DATE' => '2017-09-13T13:56:12'
2017-09-13 13:56:13 'LMI_SYS_PAYMENT_ID' => '88860515'
2017-09-13 13:56:13 'LMI_PAID_AMOUNT' => '111311.00'
2017-09-13 13:56:13 'LMI_PAID_CURRENCY' => 'RUB'
2017-09-13 13:56:13 'LMI_SIM_MODE' => '0'
2017-09-13 13:56:13 'LMI_PAYER_IDENTIFIER' => '4XXXXXXXXXXX0010'
2017-09-13 13:56:13 'LMI_PAYMENT_METHOD' => 'Test'
2017-09-13 13:56:13 'shop_id' => '443196'
2017-09-13 13:56:13 'key' => 'b25ad041448043165e6fa6bd2f47c3ab'
2017-09-13 13:56:13 'transaction_id' => '3681997'
2017-09-13 13:56:13 'SIGN' => '2GvR/ZaG4pwaUbhmLP/tKC4xyLNLZNu1KY3E9zF89Iw='
2017-09-13 13:56:13 'LMI_HASH' => 'SUA6n2IdNwhFbMP9nINb6D35dJenG3Q1Y1j9BqseQFc='
2017-09-13 13:56:13 'LMI_MERCHANT_ID' => '67bb1f74-6fa3-440c-9191-f586b9c23c5e'
2017-09-13 13:56:13 'LMI_PAYMENT_SYSTEM' => '503'
2017-09-13 13:56:13 'LMI_CURRENCY' => 'RUB'
2017-09-13 13:56:13 'LMI_PAYMENT_AMOUNT' => '111311.00'
2017-09-13 13:56:13 'LMI_PAYMENT_NO' => '12202125'
2017-09-13 13:56:13 'LMI_PAYMENT_DESC' => 'Оплата счета #1018'
2017-09-13 13:56:13 'LMI_SYS_PAYMENT_DATE' => '2017-09-13T13:56:12'
2017-09-13 13:56:13 'LMI_SYS_PAYMENT_ID' => '88860515'
2017-09-13 13:56:13 'LMI_PAID_AMOUNT' => '111311.00'
2017-09-13 13:56:13 'LMI_PAID_CURRENCY' => 'RUB'
2017-09-13 13:56:13 'LMI_SIM_MODE' => '0'
2017-09-13 13:56:13 'LMI_PAYER_IDENTIFIER' => '4XXXXXXXXXXX0010'
2017-09-13 13:56:13 'LMI_PAYMENT_METHOD' => 'Test'
2017-09-13 13:56:13 'shop_id' => '443196'
2017-09-13 13:56:13 'key' => 'b25ad041448043165e6fa6bd2f47c3ab'
2017-09-13 13:56:13 'transaction_id' => '3681997'
2017-09-13 13:56:13 'SIGN' => '2GvR/ZaG4pwaUbhmLP/tKC4xyLNLZNu1KY3E9zF89Iw='
2017-09-13 13:56:13 'LMI_HASH' => 'SUA6n2IdNwhFbMP9nINb6D35dJenG3Q1Y1j9BqseQFc='
2017-09-13 13:56:13 SUA6n2IdNwhFbMP9nINb6D35dJenG3Q1Y1j9BqseQFc=
2017-09-13 13:56:13 2GvR/ZaG4pwaUbhmLP/tKC4xyLNLZNu1KY3E9zF89Iw=
